build/app/intermediates/manifest_merge_blame_file/release/manifest-merger-blame-release-report.txt
1<?xml version="1.0" encoding="utf-8"?>
2<manifest xmlns:android="http://schemas.android.com/apk/res/android"
3    package="br.com.nortemkt.alba_app"
4    android:versionCode="13"
5    android:versionName="3.0.3" >
6
7    <uses-sdk
8        android:minSdkVersion="16"
8-->src/main/AndroidManifest.xml
9        android:targetSdkVersion="31" />
9-->src/main/AndroidManifest.xml
10
11    <uses-permission android:name="android.permission.FOREGROUND_SERVICE" />
11-->[:assets_audio_player] AndroidManifest.xml:7:5-77
11-->[:assets_audio_player] AndroidManifest.xml:7:22-74
12    <uses-permission android:name="android.permission.VIBRATE" />
12-->[:assets_audio_player] AndroidManifest.xml:8:5-66
12-->[:assets_audio_player] AndroidManifest.xml:8:22-63
13    <uses-permission android:name="android.permission.WAKE_LOCK" />
13-->[:assets_audio_player] AndroidManifest.xml:9:5-68
13-->[:assets_audio_player] AndroidManifest.xml:9:22-65
14    <uses-permission android:name="android.permission.ACCESS_NETWORK_STATE" /> <!-- Create a unique permission for your app and use it so only your app can receive your OneSignal messages. -->
14-->[:connectivity] AndroidManifest.xml:7:5-79
14-->[:connectivity] AndroidManifest.xml:7:22-76
15    <permission
15-->[com.onesignal:OneSignal:4.6.3] AndroidManifest.xml:7:5-9:47
16        android:name="br.com.nortemkt.alba_app.permission.C2D_MESSAGE"
16-->[com.onesignal:OneSignal:4.6.3] AndroidManifest.xml:8:9-63
17        android:protectionLevel="signature" />
17-->[com.onesignal:OneSignal:4.6.3] AndroidManifest.xml:9:9-44
18
19    <uses-permission android:name="br.com.nortemkt.alba_app.permission.C2D_MESSAGE" /> <!-- OneSignal SDK has runtime checks Android version. -->
19-->[com.onesignal:OneSignal:4.6.3] AndroidManifest.xml:11:5-79
19-->[com.onesignal:OneSignal:4.6.3] AndroidManifest.xml:11:22-76
20    <!-- <uses-sdk tools:overrideLibrary="android.support.customtabs"/> -->
21    <!-- Required so the device can access the internet. -->
22    <uses-permission android:name="android.permission.INTERNET" /> <!-- c2dm RECEIVE are basic requirements for push messages through Google's FCM -->
22-->[com.onesignal:OneSignal:4.6.3] AndroidManifest.xml:16:5-67
22-->[com.onesignal:OneSignal:4.6.3] AndroidManifest.xml:16:22-64
23    <uses-permission android:name="com.google.android.c2dm.permission.RECEIVE" />
23-->[com.onesignal:OneSignal:4.6.3] AndroidManifest.xml:17:5-82
23-->[com.onesignal:OneSignal:4.6.3] AndroidManifest.xml:17:22-79
24    <!--
25 Use to restore notifications the user hasn't interacted with.
26         They could be missed notifications if the user reboots their device if this isn't in place.
27    -->
28    <uses-permission android:name="android.permission.RECEIVE_BOOT_COMPLETED" /> <!-- START: ShortcutBadger -->
28-->[com.onesignal:OneSignal:4.6.3] AndroidManifest.xml:29:5-81
28-->[com.onesignal:OneSignal:4.6.3] AndroidManifest.xml:29:22-78
29    <!-- Samsung -->
30    <uses-permission android:name="com.sec.android.provider.badge.permission.READ" />
30-->[com.onesignal:OneSignal:4.6.3] AndroidManifest.xml:31:5-86
30-->[com.onesignal:OneSignal:4.6.3] AndroidManifest.xml:31:22-83
31    <uses-permission android:name="com.sec.android.provider.badge.permission.WRITE" /> <!-- HTC -->
31-->[com.onesignal:OneSignal:4.6.3] AndroidManifest.xml:32:5-87
31-->[com.onesignal:OneSignal:4.6.3] AndroidManifest.xml:32:22-84
32    <uses-permission android:name="com.htc.launcher.permission.READ_SETTINGS" />
32-->[com.onesignal:OneSignal:4.6.3] AndroidManifest.xml:33:5-81
32-->[com.onesignal:OneSignal:4.6.3] AndroidManifest.xml:33:22-78
33    <uses-permission android:name="com.htc.launcher.permission.UPDATE_SHORTCUT" /> <!-- Sony -->
33-->[com.onesignal:OneSignal:4.6.3] AndroidManifest.xml:34:5-83
33-->[com.onesignal:OneSignal:4.6.3] AndroidManifest.xml:34:22-80
34    <uses-permission android:name="com.sonyericsson.home.permission.BROADCAST_BADGE" />
34-->[com.onesignal:OneSignal:4.6.3] AndroidManifest.xml:35:5-88
34-->[com.onesignal:OneSignal:4.6.3] AndroidManifest.xml:35:22-85
35    <uses-permission android:name="com.sonymobile.home.permission.PROVIDER_INSERT_BADGE" /> <!-- Apex -->
35-->[com.onesignal:OneSignal:4.6.3] AndroidManifest.xml:36:5-92
35-->[com.onesignal:OneSignal:4.6.3] AndroidManifest.xml:36:22-89
36    <uses-permission android:name="com.anddoes.launcher.permission.UPDATE_COUNT" /> <!-- Solid -->
36-->[com.onesignal:OneSignal:4.6.3] AndroidManifest.xml:37:5-84
36-->[com.onesignal:OneSignal:4.6.3] AndroidManifest.xml:37:22-81
37    <uses-permission android:name="com.majeur.launcher.permission.UPDATE_BADGE" /> <!-- Huawei -->
37-->[com.onesignal:OneSignal:4.6.3] AndroidManifest.xml:38:5-83
37-->[com.onesignal:OneSignal:4.6.3] AndroidManifest.xml:38:22-80
38    <uses-permission android:name="com.huawei.android.launcher.permission.CHANGE_BADGE" />
38-->[com.onesignal:OneSignal:4.6.3] AndroidManifest.xml:39:5-91
38-->[com.onesignal:OneSignal:4.6.3] AndroidManifest.xml:39:22-88
39    <uses-permission android:name="com.huawei.android.launcher.permission.READ_SETTINGS" />
39-->[com.onesignal:OneSignal:4.6.3] AndroidManifest.xml:40:5-92
39-->[com.onesignal:OneSignal:4.6.3] AndroidManifest.xml:40:22-89
40    <uses-permission android:name="com.huawei.android.launcher.permission.WRITE_SETTINGS" /> <!-- ZUK -->
40-->[com.onesignal:OneSignal:4.6.3] AndroidManifest.xml:41:5-93
40-->[com.onesignal:OneSignal:4.6.3] AndroidManifest.xml:41:22-90
41    <uses-permission android:name="android.permission.READ_APP_BADGE" /> <!-- OPPO -->
41-->[com.onesignal:OneSignal:4.6.3] AndroidManifest.xml:42:5-73
41-->[com.onesignal:OneSignal:4.6.3] AndroidManifest.xml:42:22-70
42    <uses-permission android:name="com.oppo.launcher.permission.READ_SETTINGS" />
42-->[com.onesignal:OneSignal:4.6.3] AndroidManifest.xml:43:5-82
42-->[com.onesignal:OneSignal:4.6.3] AndroidManifest.xml:43:22-79
43    <uses-permission android:name="com.oppo.launcher.permission.WRITE_SETTINGS" /> <!-- EvMe -->
43-->[com.onesignal:OneSignal:4.6.3] AndroidManifest.xml:44:5-83
43-->[com.onesignal:OneSignal:4.6.3] AndroidManifest.xml:44:22-80
44    <uses-permission android:name="me.everything.badger.permission.BADGE_COUNT_READ" />
44-->[com.onesignal:OneSignal:4.6.3] AndroidManifest.xml:45:5-88
44-->[com.onesignal:OneSignal:4.6.3] AndroidManifest.xml:45:22-85
45    <uses-permission android:name="me.everything.badger.permission.BADGE_COUNT_WRITE" />
45-->[com.onesignal:OneSignal:4.6.3] AndroidManifest.xml:46:5-89
45-->[com.onesignal:OneSignal:4.6.3] AndroidManifest.xml:46:22-86
46
47    <application
47-->src/main/AndroidManifest.xml:3:4-33:19
48        android:name="androidx.multidex.MultiDexApplication"
48-->src/main/AndroidManifest.xml:5:8-60
49        android:appComponentFactory="androidx.core.app.CoreComponentFactory"
49-->[androidx.core:core:1.6.0] AndroidManifest.xml:24:18-86
50        android:icon="@mipmap/ic_launcher"
50-->src/main/AndroidManifest.xml:6:9-43
51        android:label="ALBA APP" >
51-->src/main/AndroidManifest.xml:4:9-33
52        <activity
52-->src/main/AndroidManifest.xml:7:9-27:20
53            android:name="br.com.nortemkt.alba_app.MainActivity"
53-->src/main/AndroidManifest.xml:8:13-65
54            android:configChanges="orientation|keyboardHidden|keyboard|screenSize|smallestScreenSize|locale|layoutDirection|fontScale|screenLayout|density|uiMode"
54-->src/main/AndroidManifest.xml:12:13-163
55            android:exported="true"
55-->src/main/AndroidManifest.xml:9:13-36
56            android:hardwareAccelerated="true"
56-->src/main/AndroidManifest.xml:13:13-47
57            android:launchMode="singleTop"
57-->src/main/AndroidManifest.xml:10:13-43
58            android:theme="@style/LaunchTheme"
58-->src/main/AndroidManifest.xml:11:13-47
59            android:windowSoftInputMode="adjustResize" >
59-->src/main/AndroidManifest.xml:14:13-55
60
61            <!--
62                 Specifies an Android theme to apply to this Activity as soon as
63                 the Android process has started. This theme is visible to the user
64                 while the Flutter UI initializes. After that, this theme continues
65                 to determine the Window background behind the Flutter UI.
66            -->
67            <meta-data
67-->src/main/AndroidManifest.xml:19:13-22:17
68                android:name="io.flutter.embedding.android.NormalTheme"
68-->src/main/AndroidManifest.xml:20:15-70
69                android:resource="@style/NormalTheme" />
69-->src/main/AndroidManifest.xml:21:15-52
70
71            <intent-filter>
71-->src/main/AndroidManifest.xml:23:13-26:29
72                <action android:name="android.intent.action.MAIN" />
72-->src/main/AndroidManifest.xml:24:17-68
72-->src/main/AndroidManifest.xml:24:25-66
73
74                <category android:name="android.intent.category.LAUNCHER" />
74-->src/main/AndroidManifest.xml:25:17-76
74-->src/main/AndroidManifest.xml:25:27-74
75            </intent-filter>
76        </activity>
77        <!--
78             Don't delete the meta-data below.
79             This is used by the Flutter tool to generate GeneratedPluginRegistrant.java
80        -->
81        <meta-data
81-->src/main/AndroidManifest.xml:30:9-32:33
82            android:name="flutterEmbedding"
82-->src/main/AndroidManifest.xml:31:13-44
83            android:value="2" />
83-->src/main/AndroidManifest.xml:32:13-30
84
85        <activity
85-->[:url_launcher_android] AndroidManifest.xml:8:9-11:74
86            android:name="io.flutter.plugins.urllauncher.WebViewActivity"
86-->[:url_launcher_android] AndroidManifest.xml:9:13-74
87            android:exported="false"
87-->[:url_launcher_android] AndroidManifest.xml:10:13-37
88            android:theme="@android:style/Theme.NoTitleBar.Fullscreen" />
88-->[:url_launcher_android] AndroidManifest.xml:11:13-71
89
90        <receiver
90-->[:assets_audio_player] AndroidManifest.xml:12:9-14:40
91            android:name="com.github.florent37.assets_audio_player.notification.NotificationActionReceiver"
91-->[:assets_audio_player] AndroidManifest.xml:13:13-108
92            android:exported="false" />
92-->[:assets_audio_player] AndroidManifest.xml:14:13-37
93        <receiver
93-->[:assets_audio_player] AndroidManifest.xml:15:9-21:20
94            android:name="com.github.florent37.assets_audio_player.notification.CustomMediaButtonReceiver"
94-->[:assets_audio_player] AndroidManifest.xml:16:13-107
95            android:exported="false" >
95-->[:assets_audio_player] AndroidManifest.xml:17:13-37
96            <intent-filter>
96-->[:assets_audio_player] AndroidManifest.xml:18:13-20:29
97                <action android:name="android.intent.action.MEDIA_BUTTON" />
97-->[:assets_audio_player] AndroidManifest.xml:19:17-77
97-->[:assets_audio_player] AndroidManifest.xml:19:25-74
98            </intent-filter>
99        </receiver>
100
101        <service
101-->[:assets_audio_player] AndroidManifest.xml:23:9-33:19
102            android:name="com.github.florent37.assets_audio_player.notification.NotificationService"
102-->[:assets_audio_player] AndroidManifest.xml:24:13-101
103            android:enabled="true"
103-->[:assets_audio_player] AndroidManifest.xml:25:13-35
104            android:exported="true" >
104-->[:assets_audio_player] AndroidManifest.xml:26:13-36
105
106            <!--
107            <intent-filter>
108                <action android:name="android.intent.action.MEDIA_BUTTON" />
109            </intent-filter>
110            -->
111        </service>
112
113        <provider
113-->[:share] AndroidManifest.xml:8:9-16:20
114            android:name="io.flutter.plugins.share.ShareFileProvider"
114-->[:share] AndroidManifest.xml:9:13-70
115            android:authorities="br.com.nortemkt.alba_app.flutter.share_provider"
115-->[:share] AndroidManifest.xml:10:13-74
116            android:exported="false"
116-->[:share] AndroidManifest.xml:11:13-37
117            android:grantUriPermissions="true" >
117-->[:share] AndroidManifest.xml:12:13-47
118            <meta-data
118-->[:share] AndroidManifest.xml:13:13-15:68
119                android:name="android.support.FILE_PROVIDER_PATHS"
119-->[:share] AndroidManifest.xml:14:17-67
120                android:resource="@xml/flutter_share_file_paths" />
120-->[:share] AndroidManifest.xml:15:17-65
121        </provider>
122
123        <receiver
123-->[com.onesignal:OneSignal:4.6.3] AndroidManifest.xml:49:9-60:20
124            android:name="com.onesignal.FCMBroadcastReceiver"
124-->[com.onesignal:OneSignal:4.6.3] AndroidManifest.xml:50:13-62
125            android:exported="true"
125-->[com.onesignal:OneSignal:4.6.3] AndroidManifest.xml:51:13-36
126            android:permission="com.google.android.c2dm.permission.SEND" >
126-->[com.onesignal:OneSignal:4.6.3] AndroidManifest.xml:52:13-73
127
128            <!-- High priority so OneSignal payloads can be filtered from other FCM receivers -->
129            <intent-filter android:priority="999" >
129-->[com.onesignal:OneSignal:4.6.3] AndroidManifest.xml:55:13-59:29
129-->[com.onesignal:OneSignal:4.6.3] AndroidManifest.xml:55:28-50
130                <action android:name="com.google.android.c2dm.intent.RECEIVE" />
130-->[com.onesignal:OneSignal:4.6.3] AndroidManifest.xml:56:17-81
130-->[com.onesignal:OneSignal:4.6.3] AndroidManifest.xml:56:25-78
131
132                <category android:name="br.com.nortemkt.alba_app" />
132-->[com.onesignal:OneSignal:4.6.3] AndroidManifest.xml:58:17-61
132-->[com.onesignal:OneSignal:4.6.3] AndroidManifest.xml:58:27-58
133            </intent-filter>
134        </receiver>
135
136        <service
136-->[com.onesignal:OneSignal:4.6.3] AndroidManifest.xml:62:9-68:19
137            android:name="com.onesignal.HmsMessageServiceOneSignal"
137-->[com.onesignal:OneSignal:4.6.3] AndroidManifest.xml:63:13-68
138            android:exported="false" >
138-->[com.onesignal:OneSignal:4.6.3] AndroidManifest.xml:64:13-37
139            <intent-filter>
139-->[com.onesignal:OneSignal:4.6.3] AndroidManifest.xml:65:13-67:29
140                <action android:name="com.huawei.push.action.MESSAGING_EVENT" />
140-->[com.onesignal:OneSignal:4.6.3] AndroidManifest.xml:66:17-81
140-->[com.onesignal:OneSignal:4.6.3] AndroidManifest.xml:66:25-78
141            </intent-filter>
142        </service>
143
144        <activity
144-->[com.onesignal:OneSignal:4.6.3] AndroidManifest.xml:70:9-78:20
145            android:name="com.onesignal.NotificationOpenedActivityHMS"
145-->[com.onesignal:OneSignal:4.6.3] AndroidManifest.xml:71:13-71
146            android:exported="true"
146-->[com.onesignal:OneSignal:4.6.3] AndroidManifest.xml:72:13-36
147            android:noHistory="true"
147-->[com.onesignal:OneSignal:4.6.3] AndroidManifest.xml:73:13-37
148            android:theme="@android:style/Theme.Translucent.NoTitleBar" >
148-->[com.onesignal:OneSignal:4.6.3] AndroidManifest.xml:74:13-72
149            <intent-filter>
149-->[com.onesignal:OneSignal:4.6.3] AndroidManifest.xml:75:13-77:29
150                <action android:name="android.intent.action.VIEW" />
150-->[com.onesignal:OneSignal:4.6.3] AndroidManifest.xml:76:17-69
150-->[com.onesignal:OneSignal:4.6.3] AndroidManifest.xml:76:25-66
151            </intent-filter>
152        </activity>
153
154        <service
154-->[com.onesignal:OneSignal:4.6.3] AndroidManifest.xml:80:9-82:40
155            android:name="com.onesignal.FCMIntentService"
155-->[com.onesignal:OneSignal:4.6.3] AndroidManifest.xml:81:13-58
156            android:exported="false" />
156-->[com.onesignal:OneSignal:4.6.3] AndroidManifest.xml:82:13-37
157        <service
157-->[com.onesignal:OneSignal:4.6.3] AndroidManifest.xml:83:9-86:72
158            android:name="com.onesignal.FCMIntentJobService"
158-->[com.onesignal:OneSignal:4.6.3] AndroidManifest.xml:84:13-61
159            android:exported="false"
159-->[com.onesignal:OneSignal:4.6.3] AndroidManifest.xml:85:13-37
160            android:permission="android.permission.BIND_JOB_SERVICE" />
160-->[com.onesignal:OneSignal:4.6.3] AndroidManifest.xml:86:13-69
161        <service
161-->[com.onesignal:OneSignal:4.6.3] AndroidManifest.xml:87:9-90:43
162            android:name="com.onesignal.FocusDelaySyncService"
162-->[com.onesignal:OneSignal:4.6.3] AndroidManifest.xml:88:13-63
163            android:exported="false"
163-->[com.onesignal:OneSignal:4.6.3] AndroidManifest.xml:89:13-37
164            android:stopWithTask="true" />
164-->[com.onesignal:OneSignal:4.6.3] AndroidManifest.xml:90:13-40
165        <service
165-->[com.onesignal:OneSignal:4.6.3] AndroidManifest.xml:91:9-94:72
166            android:name="com.onesignal.FocusDelaySyncJobService"
166-->[com.onesignal:OneSignal:4.6.3] AndroidManifest.xml:92:13-66
167            android:exported="false"
167-->[com.onesignal:OneSignal:4.6.3] AndroidManifest.xml:93:13-37
168            android:permission="android.permission.BIND_JOB_SERVICE" />
168-->[com.onesignal:OneSignal:4.6.3] AndroidManifest.xml:94:13-69
169        <service
169-->[com.onesignal:OneSignal:4.6.3] AndroidManifest.xml:95:9-98:43
170            android:name="com.onesignal.SyncService"
170-->[com.onesignal:OneSignal:4.6.3] AndroidManifest.xml:96:13-53
171            android:exported="false"
171-->[com.onesignal:OneSignal:4.6.3] AndroidManifest.xml:97:13-37
172            android:stopWithTask="true" />
172-->[com.onesignal:OneSignal:4.6.3] AndroidManifest.xml:98:13-40
173        <service
173-->[com.onesignal:OneSignal:4.6.3] AndroidManifest.xml:99:9-102:72
174            android:name="com.onesignal.SyncJobService"
174-->[com.onesignal:OneSignal:4.6.3] AndroidManifest.xml:100:13-56
175            android:exported="false"
175-->[com.onesignal:OneSignal:4.6.3] AndroidManifest.xml:101:13-37
176            android:permission="android.permission.BIND_JOB_SERVICE" />
176-->[com.onesignal:OneSignal:4.6.3] AndroidManifest.xml:102:13-69
177
178        <activity
178-->[com.onesignal:OneSignal:4.6.3] AndroidManifest.xml:104:9-107:75
179            android:name="com.onesignal.PermissionsActivity"
179-->[com.onesignal:OneSignal:4.6.3] AndroidManifest.xml:105:13-61
180            android:exported="false"
180-->[com.onesignal:OneSignal:4.6.3] AndroidManifest.xml:106:13-37
181            android:theme="@android:style/Theme.Translucent.NoTitleBar" />
181-->[com.onesignal:OneSignal:4.6.3] AndroidManifest.xml:107:13-72
182
183        <receiver
183-->[com.onesignal:OneSignal:4.6.3] AndroidManifest.xml:109:9-111:39
184            android:name="com.onesignal.NotificationDismissReceiver"
184-->[com.onesignal:OneSignal:4.6.3] AndroidManifest.xml:110:13-69
185            android:exported="true" />
185-->[com.onesignal:OneSignal:4.6.3] AndroidManifest.xml:111:13-36
186        <receiver
186-->[com.onesignal:OneSignal:4.6.3] AndroidManifest.xml:112:9-119:20
187            android:name="com.onesignal.BootUpReceiver"
187-->[com.onesignal:OneSignal:4.6.3] AndroidManifest.xml:113:13-56
188            android:exported="true" >
188-->[com.onesignal:OneSignal:4.6.3] AndroidManifest.xml:114:13-36
189            <intent-filter>
189-->[com.onesignal:OneSignal:4.6.3] AndroidManifest.xml:115:13-118:29
190                <action android:name="android.intent.action.BOOT_COMPLETED" />
190-->[com.onesignal:OneSignal:4.6.3] AndroidManifest.xml:116:17-79
190-->[com.onesignal:OneSignal:4.6.3] AndroidManifest.xml:116:25-76
191                <action android:name="android.intent.action.QUICKBOOT_POWERON" />
191-->[com.onesignal:OneSignal:4.6.3] AndroidManifest.xml:117:17-82
191-->[com.onesignal:OneSignal:4.6.3] AndroidManifest.xml:117:25-79
192            </intent-filter>
193        </receiver>
194        <receiver
194-->[com.onesignal:OneSignal:4.6.3] AndroidManifest.xml:120:9-126:20
195            android:name="com.onesignal.UpgradeReceiver"
195-->[com.onesignal:OneSignal:4.6.3] AndroidManifest.xml:121:13-57
196            android:exported="true" >
196-->[com.onesignal:OneSignal:4.6.3] AndroidManifest.xml:122:13-36
197            <intent-filter>
197-->[com.onesignal:OneSignal:4.6.3] AndroidManifest.xml:123:13-125:29
198                <action android:name="android.intent.action.MY_PACKAGE_REPLACED" />
198-->[com.onesignal:OneSignal:4.6.3] AndroidManifest.xml:124:17-84
198-->[com.onesignal:OneSignal:4.6.3] AndroidManifest.xml:124:25-81
199            </intent-filter>
200        </receiver>
201
202        <activity
202-->[com.onesignal:OneSignal:4.6.3] AndroidManifest.xml:128:9-134:75
203            android:name="com.onesignal.NotificationOpenedReceiver"
203-->[com.onesignal:OneSignal:4.6.3] AndroidManifest.xml:129:13-68
204            android:excludeFromRecents="true"
204-->[com.onesignal:OneSignal:4.6.3] AndroidManifest.xml:130:13-46
205            android:exported="true"
205-->[com.onesignal:OneSignal:4.6.3] AndroidManifest.xml:131:13-36
206            android:noHistory="true"
206-->[com.onesignal:OneSignal:4.6.3] AndroidManifest.xml:132:13-37
207            android:taskAffinity=""
207-->[com.onesignal:OneSignal:4.6.3] AndroidManifest.xml:133:13-36
208            android:theme="@android:style/Theme.Translucent.NoTitleBar" />
208-->[com.onesignal:OneSignal:4.6.3] AndroidManifest.xml:134:13-72
209        <activity
209-->[com.onesignal:OneSignal:4.6.3] AndroidManifest.xml:135:9-140:75
210            android:name="com.onesignal.NotificationOpenedReceiverAndroid22AndOlder"
210-->[com.onesignal:OneSignal:4.6.3] AndroidManifest.xml:136:13-85
211            android:excludeFromRecents="true"
211-->[com.onesignal:OneSignal:4.6.3] AndroidManifest.xml:137:13-46
212            android:exported="true"
212-->[com.onesignal:OneSignal:4.6.3] AndroidManifest.xml:138:13-36
213            android:noHistory="true"
213-->[com.onesignal:OneSignal:4.6.3] AndroidManifest.xml:139:13-37
214            android:theme="@android:style/Theme.Translucent.NoTitleBar" /> <!-- The activities will be merged into the manifest of the hosting app. -->
214-->[com.onesignal:OneSignal:4.6.3] AndroidManifest.xml:140:13-72
215        <activity
215-->[com.google.android.play:core:1.8.0] AndroidManifest.xml:12:5-271
216            android:name="com.google.android.play.core.missingsplits.PlayCoreMissingSplitsActivity"
216-->[com.google.android.play:core:1.8.0] AndroidManifest.xml:12:15-102
217            android:enabled="false"
217-->[com.google.android.play:core:1.8.0] AndroidManifest.xml:12:103-126
218            android:exported="false"
218-->[com.google.android.play:core:1.8.0] AndroidManifest.xml:12:127-151
219            android:launchMode="singleInstance"
219-->[com.google.android.play:core:1.8.0] AndroidManifest.xml:12:204-239
220            android:process=":playcore_missing_splits_activity"
220-->[com.google.android.play:core:1.8.0] AndroidManifest.xml:12:152-203
221            android:stateNotNeeded="true" />
221-->[com.google.android.play:core:1.8.0] AndroidManifest.xml:12:240-269
222        <activity
222-->[com.google.android.play:core:1.8.0] AndroidManifest.xml:13:5-226
223            android:name="com.google.android.play.core.common.PlayCoreDialogWrapperActivity"
223-->[com.google.android.play:core:1.8.0] AndroidManifest.xml:13:15-95
224            android:enabled="false"
224-->[com.google.android.play:core:1.8.0] AndroidManifest.xml:13:96-119
225            android:exported="false"
225-->[com.google.android.play:core:1.8.0] AndroidManifest.xml:13:120-144
226            android:stateNotNeeded="true"
226-->[com.google.android.play:core:1.8.0] AndroidManifest.xml:13:145-174
227            android:theme="@style/Theme.PlayCore.Transparent" /> <!-- The service will be merged into the manifest of the hosting app. -->
227-->[com.google.android.play:core:1.8.0] AndroidManifest.xml:13:175-224
228        <service
228-->[com.google.android.play:core:1.8.0] AndroidManifest.xml:16:5-145
229            android:name="com.google.android.play.core.assetpacks.AssetPackExtractionService"
229-->[com.google.android.play:core:1.8.0] AndroidManifest.xml:16:14-95
230            android:enabled="false"
230-->[com.google.android.play:core:1.8.0] AndroidManifest.xml:16:96-119
231            android:exported="true" />
231-->[com.google.android.play:core:1.8.0] AndroidManifest.xml:16:120-143
232
233        <receiver
233-->[com.google.firebase:firebase-messaging:22.0.0] AndroidManifest.xml:28:9-35:20
234            android:name="com.google.firebase.iid.FirebaseInstanceIdReceiver"
234-->[com.google.firebase:firebase-messaging:22.0.0] AndroidManifest.xml:29:13-78
235            android:exported="true"
235-->[com.google.firebase:firebase-messaging:22.0.0] AndroidManifest.xml:30:13-36
236            android:permission="com.google.android.c2dm.permission.SEND" >
236-->[com.google.firebase:firebase-messaging:22.0.0] AndroidManifest.xml:31:13-73
237            <intent-filter>
237-->[com.google.firebase:firebase-messaging:22.0.0] AndroidManifest.xml:32:13-34:29
238                <action android:name="com.google.android.c2dm.intent.RECEIVE" />
238-->[com.onesignal:OneSignal:4.6.3] AndroidManifest.xml:56:17-81
238-->[com.onesignal:OneSignal:4.6.3] AndroidManifest.xml:56:25-78
239            </intent-filter>
240        </receiver>
241        <!--
242             FirebaseMessagingService performs security checks at runtime,
243             but set to not exported to explicitly avoid allowing another app to call it.
244        -->
245        <service
245-->[com.google.firebase:firebase-messaging:22.0.0] AndroidManifest.xml:41:9-48:19
246            android:name="com.google.firebase.messaging.FirebaseMessagingService"
246-->[com.google.firebase:firebase-messaging:22.0.0] AndroidManifest.xml:42:13-82
247            android:directBootAware="true"
247-->[com.google.firebase:firebase-messaging:22.0.0] AndroidManifest.xml:43:13-43
248            android:exported="false" >
248-->[com.google.firebase:firebase-messaging:22.0.0] AndroidManifest.xml:44:13-37
249            <intent-filter android:priority="-500" >
249-->[com.google.firebase:firebase-messaging:22.0.0] AndroidManifest.xml:45:13-47:29
249-->[com.google.firebase:firebase-messaging:22.0.0] AndroidManifest.xml:45:28-51
250                <action android:name="com.google.firebase.MESSAGING_EVENT" />
250-->[com.google.firebase:firebase-messaging:22.0.0] AndroidManifest.xml:46:17-78
250-->[com.google.firebase:firebase-messaging:22.0.0] AndroidManifest.xml:46:25-75
251            </intent-filter>
252        </service>
253        <service
253-->[com.google.firebase:firebase-messaging:22.0.0] AndroidManifest.xml:49:9-55:19
254            android:name="com.google.firebase.components.ComponentDiscoveryService"
254-->[com.google.firebase:firebase-messaging:22.0.0] AndroidManifest.xml:50:13-84
255            android:directBootAware="true"
255-->[com.google.firebase:firebase-common:20.0.0] AndroidManifest.xml:35:13-43
256            android:exported="false" >
256-->[com.google.firebase:firebase-messaging:22.0.0] AndroidManifest.xml:51:13-37
257            <meta-data
257-->[com.google.firebase:firebase-messaging:22.0.0] AndroidManifest.xml:52:13-54:85
258                android:name="com.google.firebase.components:com.google.firebase.messaging.FirebaseMessagingRegistrar"
258-->[com.google.firebase:firebase-messaging:22.0.0] AndroidManifest.xml:53:17-119
259                android:value="com.google.firebase.components.ComponentRegistrar" />
259-->[com.google.firebase:firebase-messaging:22.0.0] AndroidManifest.xml:54:17-82
260            <meta-data
260-->[com.google.firebase:firebase-datatransport:18.0.0] AndroidManifest.xml:28:13-30:85
261                android:name="com.google.firebase.components:com.google.firebase.datatransport.TransportRegistrar"
261-->[com.google.firebase:firebase-datatransport:18.0.0] AndroidManifest.xml:29:17-115
262                android:value="com.google.firebase.components.ComponentRegistrar" />
262-->[com.google.firebase:firebase-datatransport:18.0.0] AndroidManifest.xml:30:17-82
263            <meta-data
263-->[com.google.firebase:firebase-installations:17.0.0] AndroidManifest.xml:18:13-20:85
264                android:name="com.google.firebase.components:com.google.firebase.installations.FirebaseInstallationsRegistrar"
264-->[com.google.firebase:firebase-installations:17.0.0] AndroidManifest.xml:19:17-127
265                android:value="com.google.firebase.components.ComponentRegistrar" />
265-->[com.google.firebase:firebase-installations:17.0.0] AndroidManifest.xml:20:17-82
266        </service>
267
268        <provider
268-->[androidx.work:work-runtime:2.7.1] AndroidManifest.xml:31:9-39:20
269            android:name="androidx.startup.InitializationProvider"
269-->[androidx.work:work-runtime:2.7.1] AndroidManifest.xml:32:13-67
270            android:authorities="br.com.nortemkt.alba_app.androidx-startup"
270-->[androidx.work:work-runtime:2.7.1] AndroidManifest.xml:33:13-68
271            android:exported="false" >
271-->[androidx.work:work-runtime:2.7.1] AndroidManifest.xml:34:13-37
272            <meta-data
272-->[androidx.work:work-runtime:2.7.1] AndroidManifest.xml:36:13-38:52
273                android:name="androidx.work.WorkManagerInitializer"
273-->[androidx.work:work-runtime:2.7.1] AndroidManifest.xml:37:17-68
274                android:value="androidx.startup" />
274-->[androidx.work:work-runtime:2.7.1] AndroidManifest.xml:38:17-49
275        </provider>
276
277        <service
277-->[androidx.work:work-runtime:2.7.1] AndroidManifest.xml:41:9-46:35
278            android:name="androidx.work.impl.background.systemalarm.SystemAlarmService"
278-->[androidx.work:work-runtime:2.7.1] AndroidManifest.xml:42:13-88
279            android:directBootAware="false"
279-->[androidx.work:work-runtime:2.7.1] AndroidManifest.xml:43:13-44
280            android:enabled="@bool/enable_system_alarm_service_default"
280-->[androidx.work:work-runtime:2.7.1] AndroidManifest.xml:44:13-72
281            android:exported="false" />
281-->[androidx.work:work-runtime:2.7.1] AndroidManifest.xml:45:13-37
282        <service